listenning on 5001
I got a messageูุงูุตุฏุนุง
I got a messageูุงูุตุฏุนุง
I got a messageุงูููุจู
I got a messageุฃุตุงุจู
I got a messageุงูุตุฏุนุง
I got a messageูุงูุตุฏุนุง
I got a messageุจูุงูุง
I got a messageูุงูุตุฏุนุง
listenning on 5001
I got a messageูุงูุตุฏุนุง
I got a messageูุงูุตุฏุนุง
I got a messageุงูููุจู
I got a messageูุงูุตุฏุนุง
listenning on 5001
I got a messageูุงูุตุฏุนุง
I got a messageุจูุงูุง
I got a messageูุญุฑูู
I got a messageูุญุฑูู
I got a messageูุญุฑูู
I got a messageูุญุฑูู
I got a messageูุญุฑูู
I got a messageูุญุฑูู
I got a messageูุญุฑูู
I got a messageูุญุฑูู
I got a messageุจุญุซ
I got a messageูุญุฑูู
I got a messageูุญุฑูู
I got a messageูุญุฑูู
I got a messageูุญุฑูู
I got a messageูุญุฑูู
I got a messageุจุญุซ
I got a messageูุญุฑูู
I got a messageูุญุฑูู
I got a messageุจุญุซ
I got a messageูุญุฑูู
I got a messageุนุฑุจู
I got a messageูุฃูุถู
I got a messageูุณู
I got a messageูุณู
I got a messageูุณู
I got a messageูุงูุคูู
null
listenning on 5001
I got a messageุฏูู
I got a messageุฏูู
I got a messageุนููุงู
I got a messageุดุงูุชู
I got a messageุงูุทููุฑูู
I got a messageุงูุทููุฑูู
I got a messageูุฏูููููููู
null
I got a messageูุฏูููููููู
null
I got a messageุฏูููููู
I got a messageุฏูููู
I got a messageุงุญูุชูููุฑุชู
I got a messageุฃุฒุฑู
I got a messageุฃุฒุฑู
I got a messageุฑุจููุง
I got a messageุฏููููุง
I got a messageุฏููููุง
I got a messageุฏููููุง
I got a messageุฏููููุง
I got a messageุฏููููุง
I got a messageุฑูุตูุง
I got a messageุฑูุตู
I got a messageุฑูุตูุง
I got a messageูุญุจูููููู
I got a messageูุญุจูููููู
I got a messageุฃูุฑูุซุชููู
I got a messageุฃูุฑูุซุชููู
I got a messageููุณููููุฏูุฉู
listenning on 5001
I got a messageูุจุฏุฃ
I got a messageูุจุฏุฃ
I got a messageุงูุชุงููุฉ
null
I got a messageุงูุชุงููุฉ
null
I got a messageInstabug
null
I got a messageInstabug
null
I got a messageAbdulrahman Mohammed Salim ๐๐๐๐๐๐๐๐๐๐๐๐๐๐๐๐๐๐๐๐๐๐๐๐๐๐๐๐๐๐๐๐๐๐๐๐๐๐๐๐๐๐๐๐๐๐๐๐๐๐๐๐๐๐๐๐๐๐๐๐
null
I got a messageูุง ูุงููู ุงูููุถูุน ูุฏุง ูุจุฑ ููู ุฑุจูุง ูุนุงู ูุงุญุจูุจู
I got a messageูุง ูุงููู ุงูููุถูุน ูุฏุง ูุจุฑ ููู ุฑุจูุง ูุนุงู ูุงุญุจูุจู
I got a messageูุง ูุงููู ุงูููุถูุน ูุฏุง ูุจุฑ ููู ุฑุจูุง ูุนุงู ูุงุญุจูุจู
I got a messageAbdulrahman Mohammed Salim ๐๐๐๐๐๐๐๐๐๐๐๐๐๐๐๐๐๐๐๐๐๐๐๐๐๐๐๐๐๐๐๐๐๐๐๐๐๐๐๐๐๐๐๐๐๐๐๐๐๐๐๐๐๐๐๐๐๐๐๐
null
I got a messageุฃููููุช ูุญูููุช ุซููู ููุงููุช ููุฏุนุช
I got a messageููุฌูุฑูุฉู
I got a messageููุฌูุฑูุฉู
I got a messageุฃูููู
I got a messageุฃูููู
I got a messageููู ูู.. ุฅู ุณุฑูุชู.. ุฃูููู ุชูุบูููู .. ุนูููู ุงูุนุงุดูู ุงูููุถูุญู ุงูุตูุฑุงุญูุ
I got a messageููู ูู.. ุฅู ุณุฑูุชู.. ุฃูููู ุชูุบูููู .. ุนูููู ุงูุนุงุดูู ุงูููุถูุญู ุงูุตูุฑุงุญูุ
I got a messageุฑุฃุชูู
I got a messageow semantic segmentation is performed using convolutional neural networks.Get to know the literature in deep semantic segmentation.Understand how to incorporate context.
null
I got a messageknow the literature in deep semantic segmentat
null
I got a messageerstand how to incorporate conte
null
I got a messagetand video object segmen
null
I got a messagesegmentation with a simple example method
null
I got a messagerstand few-shot s
null
I got a messagesegmentation with a simple
null
I got a messageerstand how to incorporate context.
null
I got a messageincorporate
null
I got a messageerstand few-shot segmentation with a simple eample method.
null
I got a messageincorporate
null
I got a messagece; set_trace(), and use exit() to exitNow we will see the pytorch code for FCN and try it out. We start with imports necessary:[ ]!pip install torch==0.4.1!pip install torchvision==0.2.0
null
I got a messageonly notebooks is not suppor
null
I got a messagemennatul
null
I got a messageberta.ca. It may request acc
null
I got a messageeset all runtimes. Please contact the creator of this notebook at mennatul@ualberta.ca with any additional questions.
null
I got a messagecross
null
I got a messagementation is performed using convolutional neural networks.Get to know the literature in deep semantic segmentation.
null
I got a messageknow the literature in deep semantic segmen
null
I got a messagederstand how to incorporate context.
null
I got a messagehts, preprocess an image, infer through the n
null
I got a messagebootstrappe
null
I got a messageloss that would be used
null
I got a messagefor training. However we won't
null
I got a messageut heatm
null
I got a messageaw is a do
null
I got a message: 32 stride means the
null
I got a messagel be input_si
null
I got a messageupsample
null
I got a messagethat are not obtained by direct measurement" according to the McGraw-Hill Dictionar
null
I got a messageHill
null
I got a messagerm multi-resoluti
null
I got a messagelose to its
null
I got a messageFurther use may
null
I got a messagecause an out-of-memory
null
I got a messagememory crash and the loss of in-memory state for all
null
I got a messagechien
null
listenning on 5001
I got a messageู ุนูุฏู ุชุณุงุคู ููู .. ููู ุฌุฏูุง .. ุงูููุฏูููุงุช ุฏู ู ุฃููู ููุฑุณ ูููุด
I got a messageู ุนูุฏู ุชุณุงุคู ููู .. ููู ุฌุฏูุง .. ุงูููุฏูููุงุช ุฏู ู ุฃููู ููุฑุณ ูููุด
I got a messageุฑุจูุง ูุจุงุฑูููู ูุง ุฌูุงุนุฉ ูููุฑููู ูุฏุง ๐ ูู ูุงุญุฏ ุดุงุฑู ุฃู ูุงู ุนูุฏู ููุฉ
I got a messageุฑุจูุง ูุจุงุฑูููู ูุง ุฌูุงุนุฉ ูููุฑููู ูุฏุง ๐ ูู ูุงุญุฏ ุดุงุฑู ุฃู ูุงู ุนูุฏู ููุฉ
I got a messageุฑุจูุง ูุจุงุฑูููู ูุง ุฌูุงุนุฉ ูููุฑููู ูุฏุง ๐ ูู ูุงุญุฏ ุดุงุฑู ุฃู ูุงู ุนูุฏู ููุฉ
I got a messageูููุง
I got a messageุฃุซูุงุก ุฑูุถุงูุ ุตูุงู ุงูููุงุฑ ุนูุฏ ุงููุณูููู ููุชูู ุจุบุฑูุจ ุงูุดูุณ. ููู ูู ุจุฑุฌ ุฎูููุฉุ ุฃุนูู ุจุฑุฌ ูู ุงูุนุงููุ ุชุบุฑุจ ุงูุดูุณ ูุชุฃุฎุฑุฉ 4 ุฏูุงุฆู ูุงููุฉ ูู ููุฉ ุงูุจุฑุฌ ุนู ุงูุทูุงุจู ุงูุณููู. ุณูุงู ุงูุทูุงุจู ุงูุนููุง ูุฑูู ูุณุงูุฉ ุฃูุจุฑ ูู ุงูุฃูู ุนู ุฌูุฑุงููู ุจุงูุฃุณููุ ูุฐูู ุจุณุจุจ ุงูุญูุงุก ุงูุฃุฑุถ.
I got a messageุฃุซูุงุก ุฑูุถุงูุ ุตูุงู ุงูููุงุฑ ุนูุฏ ุงููุณูููู ููุชูู ุจุบุฑูุจ ุงูุดูุณ. ููู ูู ุจุฑุฌ ุฎูููุฉุ ุฃุนูู ุจุฑุฌ ูู ุงูุนุงููุ ุชุบุฑุจ ุงูุดูุณ ูุชุฃุฎุฑุฉ 4 ุฏูุงุฆู ูุงููุฉ ูู ููุฉ ุงูุจุฑุฌ ุนู ุงูุทูุงุจู ุงูุณููู. ุณูุงู ุงูุทูุงุจู ุงูุนููุง ูุฑูู ูุณุงูุฉ ุฃูุจุฑ ูู ุงูุฃูู ุนู ุฌูุฑุงููู ุจุงูุฃุณููุ ูุฐูู ุจุณุจุจ ุงูุญูุงุก ุงูุฃุฑุถ.
I got a messageุฃุซูุงุก ุฑูุถุงูุ ุตูุงู ุงูููุงุฑ ุนูุฏ ุงููุณูููู ููุชูู ุจุบุฑูุจ ุงูุดูุณ. ููู ูู ุจุฑุฌ ุฎูููุฉุ ุฃุนูู ุจุฑุฌ ูู ุงูุนุงููุ ุชุบุฑุจ ุงูุดูุณ ูุชุฃุฎุฑุฉ 4 ุฏูุงุฆู ูุงููุฉ ูู ููุฉ ุงูุจุฑุฌ ุนู ุงูุทูุงุจู ุงูุณููู. ุณูุงู ุงูุทูุงุจู ุงูุนููุง ูุฑูู ูุณุงูุฉ ุฃูุจุฑ ูู ุงูุฃูู ุนู ุฌูุฑุงููู ุจุงูุฃุณููุ ูุฐูู ุจุณุจุจ ุงูุญูุงุก ุงูุฃุฑุถ.
I got a messageุฏุฑููุดู
I got a messageุฏุฑููุดู
I got a messageูุดู ุณูุงูู
I got a messageุช ูุตููุง ูุฅู
I got a messageุฌุฏุง
I got a messageุฌุฏุง ูุฅู ุดุงุก ุงููู ุงููุฑูุชู ุชุจูู ุจูุฑุฉ ู ูู ุชูุฒุฑ ูููุฒู ุฅู ุดุงุก ุงููู ุงูููุงุฑุฏุฉ ุน ุงูุจูุฌู ุทุจุนูุง ูุงุฒู ูุญูู ุงููุงุณ ุฅูู
I got a messageุดุงุก ุงููู ุงููุฑูุชู ุชุจูู ุจูุฑุฉ ู ูู ุชูุฒุฑ ูููุฒู ุฅู ุดุงุก ุงููู ุงูููุงุฑุฏุฉ ุน ุงูุจูุฌู ุทุจุนูุง ูุงุฒู ูุญูู ุงููุงุณ ุฅูู
listenning on 5001
I got a messageุงูุตูุงู ูุดูุฉ ูุฑุจูุง ุจูููููุง ุจูู ู ุงูุนุจุงุฏ ุชูุชุซู ููุงูุฑ ุงูุงููู ูุงูู ุจุจุณุงุทู ุงูุฑ ุงููู ูู ุฌุจุงุฑ ุงูุณููุงุช ู ุงูุงุฑุถ.
I got a messageุงูุตูุงู ูุดูุฉ ูุฑุจูุง ุจูููููุง ุจูู ู ุงูุนุจุงุฏ ุชูุชุซู ููุงูุฑ ุงูุงููู ูุงูู ุจุจุณุงุทู ุงูุฑ ุงููู ูู ุฌุจุงุฑ ุงูุณููุงุช ู ุงูุงุฑุถ.
I got a messagepostdownload.html
null
I got a messagepostdownload.html
null
I got a messageAli Abdelmonim
null
I got a messageali abdelmonim
null
I got a messageุทูู
I got a messageูุด
I got a messageุงูุชููุงุช ุงูู ูุด ุนุฑุถุช ุจุฑุฒูุชูุดู simulation ูู ููุฏุฑ ููุชุจ ุงุณู ุชููู
I got a messageุงูุชููุงุช ุงูู ูุด ุนุฑุถุช ุจุฑุฒูุชูุดู simulation ูู ููุฏุฑ ููุชุจ ุงุณู ุชููู
I got a messageNavigation System โ Way Finder.3D Scanning and Presentation
null
listenning on 5001
I got a messageุงูุชุฑููุฏุงุชุ ูููุฒู ูู ุนูู ุงููุณุงุฑุญ
I got a messageุงูุชุฑููุฏุงุชุ ูููุฒู ูู ุนูู ุงููุณุงุฑุญ
I got a messageุงูุชุฑููุฏุงุชุ ูููุฒู ูู ุนูู ุงููุณุงุฑุญ
I got a messageุชูู
I got a messageุชูู ุงูุดูุงุฆุจ ุงูุชู ุนููุช ุจูุงุ ููุนูุฏ ุดุญู ุทุงูุชูุง ุงูุชู ุงุณุชููุฒูุชุ
I got a messageุ ูุฃุฑูุงุญูุง ุงูุชู ุงูุทูุฃุชุ ููููุจูุง ุงูุชู ุฐุจูุชุ ููุฑุชุจ ุฃูุฑุงู ุงูููุชุจ ูู ุฌุฏูุฏุ ููุนูุฏ ุถุจุท ุงูุจูุตูุฉ ุนูู ุงูุทุฑูู.
I got a messageุงูุจูุณุช
null
I got a messageูุญุงุถุฑุงุช
I got a messageูุญุงุถุฑุงุช
I got a messageููุฎุฑูุฌ
I got a messageูุญุฏุด ูุชุถุงูู ูู ูููุด
I got a messageูุถุบูุท
I got a messageุชูุงู ุดูุฑูุง ูุง ุจุงุดูููุฏุณ
I got a messageุชูุงู ุดูุฑูุง ูุง ุจุงุดูููุฏุณ
I got a messageููุงุงุงุงุงุงุงุงุง ุฎุงุงุทุฑ ูู ูููุฒ ุจูุฑุฉ ูุนุงูุฒูู ููู ุงูุณูุงุดู ุจุนุฏ ุงุฐูู ูุนูู ูู ููููุงุด ุงุณุงุกุฉ ุงุฏุจ ูุงูู ุงููุญูุฏ ุงููู ูุนุงู ุบุงูุจุง ๐๐๐โโ๏ธ
I got a messageููุงุงุงุงุงุงุงุงุง ุฎุงุงุทุฑ ูู ูููุฒ ุจูุฑุฉ ูุนุงูุฒูู ููู ุงูุณูุงุดู ุจุนุฏ ุงุฐูู ูุนูู ูู ููููุงุด ุงุณุงุกุฉ ุงุฏุจ ูุงูู ุงููุญูุฏ ุงููู ูุนุงู ุบุงูุจุง ๐๐๐โโ๏ธ
I got a message* ุจุงููุณุจุฉ ููุฐุงูุฑุฉ ุงูquiz ู ูู ุฃููุงุฏ PID ูุฑููุนุฉ ุน drive ุงููุงุฏุฉ ูููู ูุดูููุง ููุทุจู ุนูููุง.
I got a message* ุจุงููุณุจุฉ ููุฐุงูุฑุฉ ุงูquiz ู ูู ุฃููุงุฏ PID ูุฑููุนุฉ ุน drive ุงููุงุฏุฉ ูููู ูุดูููุง ููุทุจู ุนูููุง.
I got a messageุฃููุงุฏ
I got a messageูู ุณูุฉ ูุงูุช ุทูุจ ูุง ุนุจุฏ ุงูุฑุญูู :)
I got a messageูู ุณูุฉ ูุงูุช ุทูุจ ูุง ุนุจุฏ ุงูุฑุญูู :)
I got a messageยฟiPhone o Android
null
I got a messageยฟiPhone o Android
null
I got a message.. ูุงู ุฑุณูู ุงููู ุตูู ุงููู ุนููู ูุณูู((( ".... ุฎุงุจ ูุฎุณุฑ ูู ุฃุฏุฑู ุฑูุถุงู ููู ููุบูุฑ ูู...")))) ุตุฏู ุฑุณูู ุงููู ุตูู ุงููู ุนููู ูุณูู.๐ข
null
I got a messageุงูุจูุฑุฉ
I got a messageุณูุฑุฉ ุงููุฒูู ุฅูู ุงููุงุณ ุจูงูฆูก ุฏุฑุฌุฉ ูู ุงูุฌูุฉ ุงู ุดุงุก ุงููู..๐๐. ูุฐู ุงูููุงุฉ ุงูุฎุงุตุฉ ุจุงูุญูุธ
I got a message.. ูุงู ุฑุณูู ุงููู ุตูู ุงููู ุนููู ูุณูู((( ".... ุฎุงุจ ูุฎุณุฑ ูู ุฃุฏุฑู ุฑูุถุงู ููู ููุบูุฑ ูู...")))) ุตุฏู ุฑุณูู ุงููู ุตูู ุงููู ุนููู ูุณูู.๐ข
null
I got a message@mufassal1
null
I got a messageููู ุณูุฉ ููู ุฑูุถุงู ู ุชูุถู IEEE ูู ุงูุฌุงูุจ ุงูุญูู ูุนูุง ๐
I got a messageููู ุณูุฉ ููู ุฑูุถุงู ู ุชูุถู IEEE ูู ุงูุฌุงูุจ ุงูุญูู ูุนูุง ๐
I got a messageุงูู ุญุงุฌุฉ ูููุณุงุด ูุณุชุซูุฑ ููุชูุง ุตุญ ู ููุฒุงู ุจูู ูู ุญุงุฌู ูููุฎููุด ุงูุงูุชุญุงูุงุช ูุงูุดุบู ูุดุบูููุง ุนู ุงููุง ูุณุชุซูุฑ ุงูุดูุฑ ุฏุง๐ช๐ธ๐คฉ
I got a messageุงูู ุญุงุฌุฉ ูููุณุงุด ูุณุชุซูุฑ ููุชูุง ุตุญ ู ููุฒุงู ุจูู ูู ุญุงุฌู ูููุฎููุด ุงูุงูุชุญุงูุงุช ูุงูุดุบู ูุดุบูููุง ุนู ุงููุง ูุณุชุซูุฑ ุงูุดูุฑ ุฏุง๐ช๐ธ๐คฉ
I got a messagesasa
null
I got a messageุฌูุฏ ุงููููุฌ IEEEians ๐คฉ
I got a messageุฌูุฏ ุงููููุฌ IEEEians ๐คฉ
I got a message.. ูุงู ุฑุณูู ุงููู ุตูู ุงููู ุนููู ูุณูู((( ".... ุฎุงุจ ูุฎุณุฑ ูู ุฃุฏุฑู ุฑูุถุงู ููู ููุบูุฑ ูู...")))) ุตุฏู ุฑุณูู ุงููู ุตูู ุงููู ุนููู ูุณูู.๐ข
null
I got a messageุฑู ุงู ููู ูุดููุฉ ุญุตูุช ูุน ุจุงูู ุงููุงุณ ููุงู ููุงู ูุนูู .. ูุงู ุงูุฑูุฏู ููุช ููุงูุดุชูุง ููู ุงูุงุญุฏ ุทูุจ ููู
I got a messageุญุงุณุจุงุช
I got a messageุญุงุณุจุงุช
I got a messageู ุนุดุงู ูุฏุง ูููุง ูุญุชุงุฌูู ุงูู ูุณุงุนุฏูุง ู ูุดุฌุนูุง ู ูุฎูููุง ููุชู ูู ููููุง โฆโค๏ธโฉ ุจุณ ูุนุชูุฏุด ููุง ููุตู ููุฑุญูู ุญููู ูุฏุง ูููู
I got a messageู ุนุดุงู ูุฏุง ูููุง ูุญุชุงุฌูู ุงูู ูุณุงุนุฏูุง ู ูุดุฌุนูุง ู ูุฎูููุง ููุชู ูู ููููุง โฆโค๏ธโฉ ุจุณ ูุนุชูุฏุด ููุง ููุตู ููุฑุญูู ุญููู ูุฏุง ูููู
I got a messageููุงุฐุง ููุฑูุจู ููู ูููุงูููุช ุจูุดูู
I got a messageููุงุฐุง ููุฑูุจู ููู ูููุงูููุช ุจูุดูู
I got a messageููุงุฐุง ููุฑูุจู ููู ูููุงูููุช ุจูุดูู
I got a messageุงูุฃุฐูู
I got a messageูุธููู ุงููู ูุณูุฑูู ูููููู ูู ุงูุญูููุฉ ูุฎูุฑูู ูููู ุงููุงุณ ุฏููุง ูุงููุชูุง ูุตูุญ ุงููุงุถู...ููููู ูุนูุดูู ู ุงูุญุงุถุฑ ุงูุฐู ูู ูุงุถู ุงููุณุชูุจู ุ ูููุงุฐุง ูุง ูุตูุญูู ุงูุญุงุถุฑ ุจูุง ุงูู ุจุนุฏ ูุญุธุงุช ุณูุตูุฑ ูุงุถูุง ุ ููุงุฐุง ูุง ุนุจุฏ ุงูุฑุญูู ุจูู ุ๐๐
I got a messageูุธููู ุงููู ูุณูุฑูู ูููููู ูู ุงูุญูููุฉ ูุฎูุฑูู ูููู ุงููุงุณ ุฏููุง ูุงููุชูุง ูุตูุญ ุงููุงุถู...ููููู ูุนูุดูู ู ุงูุญุงุถุฑ ุงูุฐู ูู ูุงุถู ุงููุณุชูุจู ุ ูููุงุฐุง ูุง ูุตูุญูู ุงูุญุงุถุฑ ุจูุง ุงูู ุจุนุฏ ูุญุธุงุช ุณูุตูุฑ ูุงุถูุง ุ ููุงุฐุง ูุง ุนุจุฏ ุงูุฑุญูู ุจูู ุ๐๐
I got a messageูุง ุฒููุชู ุจูุนุฏููููู ุฃูุฐู ุจุฐูุฑููู .. ูุฃููู ุฐูุฑูููู ุจุงูููุจู ูุฏ ุฑูุตูุง
I got a messageูุง ุฒููุชู ุจูุนุฏููููู ุฃูุฐู ุจุฐูุฑููู .. ูุฃููู ุฐูุฑูููู ุจุงูููุจู ูุฏ ุฑูุตูุง
{ Error: connect ETIMEDOUT 104.25.218.36:443
    at TCPConnectWrap.afterConnect [as oncomplete] (net.js:1113:14)
  errno: 'ETIMEDOUT',
  code: 'ETIMEDOUT',
  syscall: 'connect',
  address: '104.25.218.36',
  port: 443 }
I got a messageูุง ุฒููุชู ุจูุนุฏููููู ุฃูุฐู ุจุฐูุฑููู .. ูุฃููู ุฐูุฑูููู ุจุงูููุจู ูุฏ ุฑูุตูุง
I got a messageูุง ุฒููุชู ุจูุนุฏููููู ุฃูุฐู ุจุฐูุฑููู .. ูุฃููู ุฐูุฑูููู ุจุงูููุจู ูุฏ ุฑูุตูุง
I got a messageุฅุตุฑููู ูุคุงุฏููู ูุง ุนุจูุงุณู ูููุตุฑูุงู
I got a messageุฅุตุฑููู ูุคุงุฏููู ูุง ุนุจูุงุณู ูููุตุฑูุงู
I got a messageุฅุตุฑููู ูุคุงุฏููู ูุง ุนุจูุงุณู ูููุตุฑูุงูุนููุง ููู ุนููู ููุฑูุจู ุงูุญุจูู ููุตุฑูุง
I got a messageุงููุทุน
I got a messageุงุฎุทุฃ
I got a messageุงุฎุทุฃ
I got a messageุจุชุญูู
I got a messageุจุชุญูู
I got a messageQuiz
null
I got a messageูู
I got a messageุชุจููุด
null
I got a messageุชุจููุด
null
I got a messageู ุงูุงูููุช ุจุชุงุนูุง ุงููู
null
I got a messageูุนุงูุง
I got a messageุงูููุงูุดุฉ
I got a messageููุง ูุญููุฏ ูู ูุง ูุงูุด ูุญุฏ ุฃูู ูููุงูุดู ูู ุชุงุณู ุฌุฏูุฏุฉ ุงูุฃุณุจูุน ุงูู ุจุนุฏู ุนูู ุทููุ ูู ุงูุชููุงุช ุงูู ูุงู ููู ุฅูู ูู ุงูุชุงุณู ุงูุฌุฏูุฏุฉ ูุงู ููู ูุชุจูู ุจุนุฏ ุฃุณุจูุนููุ ูุฃูุช ุบุงูุจุง ุณูุนุช ุบูุท :)
I got a messageููุง ูุญููุฏ ูู ูุง ูุงูุด ูุญุฏ ุฃูู ูููุงูุดู ูู ุชุงุณู ุฌุฏูุฏุฉ ุงูุฃุณุจูุน ุงูู ุจุนุฏู ุนูู ุทููุ ูู ุงูุชููุงุช ุงูู ูุงู ููู ุฅูู ูู ุงูุชุงุณู ุงูุฌุฏูุฏุฉ ูุงู ููู ูุชุจูู ุจุนุฏ ุฃุณุจูุนููุ ูุฃูุช ุบุงูุจุง ุณูุนุช ุบูุท :)
I got a messageุงูุดููู
I got a messageููุถูุน
I got a messageูุด ูุชูู ู ุงูุดููู ุ ูุชูู ุงู ุณูุงุณุฉ ุชุนุงููู ุบูุทุ ููุญุชุงุฌุฉ ุชุชุบูุฑ ูุนูุง ููุตุญ ูุด ูุชูู ููุงู ู ููุถูุน ุงูุดููู ุงูุง ููุง ูููู ุงูุฏูุชูุฑ ูููุตู ูุญู ุงูู ุฌู ุงูุจุฏูููุงุช ุฏู ุจูุคุฏู ูุณูุก ุชูุงุตู ุจูู ุงูุทุฑููู ููุญุชุงุฌ ูุชุตูุญ ููุชูุง ูู ุนูููุง ุฏู ููุชุญูุชุด ุงููุดููุฉ ุณุนุชูุง ููุฏู ุดููู :
I got a messageูุด ูุชูู ู ุงูุดููู ุ ูุชูู ุงู ุณูุงุณุฉ ุชุนุงููู ุบูุทุ ููุญุชุงุฌุฉ ุชุชุบูุฑ ูุนูุง ููุตุญ ูุด ูุชูู ููุงู ู ููุถูุน ุงูุดููู ุงูุง ููุง ูููู ุงูุฏูุชูุฑ ูููุตู ูุญู ุงูู ุฌู ุงูุจุฏูููุงุช ุฏู ุจูุคุฏู ูุณูุก ุชูุงุตู ุจูู ุงูุทุฑููู ููุญุชุงุฌ ูุชุตูุญ ููุชูุง ูู ุนูููุง ุฏู ููุชุญูุชุด ุงููุดููุฉ ุณุนุชูุง ููุฏู ุดููู :
I got a messageููุงูู
I got a messageุงูุฌุงู
null
I got a messageูููุด ูููุฒย.. ูุฎููู ุงูุฅุซููู ุงูุฌุงู ุฅู ุดุงุก ุงููู
I got a messageูููุด ูููุฒย.. ูุฎููู ุงูุฅุซููู ุงูุฌุงู ุฅู ุดุงุก ุงููู
I got a messageุชุฑุฌูุชูุง
I got a messageุชุฑุฌูุชูุง
listenning on 5001
I got a messageุตุจุงุญ ุงูุฎูุฑ. ุงูุนููู ุงููุฏูู ูู ุณูููููุดูุ ูู ูุงุฒุงู ูุน ุงุญุฏููุ ุงูุญููู ุงู ุญุชู ุงูุชุงุณูุงุช ููุณูุงุ
I got a messageุตุจุงุญ ุงูุฎูุฑ. ุงูุนููู ุงููุฏูู ูู ุณูููููุดูุ ูู ูุงุฒุงู ูุน ุงุญุฏููุ ุงูุญููู ุงู ุญุชู ุงูุชุงุณูุงุช ููุณูุงุ
I got a messageุงูููุฑุฉ ุฅู ุงูุจูุณุช ุฌุงู ูุน ุฃุฐุงู ุงููุฌุฑ ู ุงููู ูู ุญุงุฌุฉ ูููุฉ ู ุงูุณุนุงุฏุฉ ๐
I got a messageุงูููุฑุฉ ุฅู ุงูุจูุณุช ุฌุงู ูุน ุฃุฐุงู ุงููุฌุฑ ู ุงููู ูู ุญุงุฌุฉ ูููุฉ ู ุงูุณุนุงุฏุฉ ๐
I got a messageูุฑููุนุฉ
I got a messageุฅู ุดุงุก ุงููู ุจูุฑุง ูู ูููุฒ ูู ุณูุดู ุดูุงุจุ ุนูู ุงูุชูุงุช ุณูุงุดู ุงูู ุงุชุดุฑุญ ูููู PID
I got a messageุฅู ุดุงุก ุงููู ุจูุฑุง ูู ูููุฒ ูู ุณูุดู ุดูุงุจุ ุนูู ุงูุชูุงุช ุณูุงุดู ุงูู ุงุชุดุฑุญ ูููู PID
I got a messageุฅู ุดุงุก ุงููู ุจูุฑุง ูู ูููุฒ ูู ุณูุดู ุดูุงุจุ ุนูู ุงูุชูุงุช ุณูุงุดู ุงูู ุงุชุดุฑุญ ูููู PID
I got a messageูุฌูุงุนุฉ ุฏูู ุญุงุฌุฉ ูุดู
I got a messageูุฒูู
I got a messageุนูุฏูู
I got a messageุชุงุฑุฌุฑูู
null
I got a messageุชุงุฑุฌุฑูู
null
listenning on 5001
I got a messageูุฑุฌู ุฃู ุชุฐูุฑููุง ุจุงูุฏุนุงุก ูุน ุฅูุทุงุฑ ููููู ุงูุฃูู
I got a messageูุฑุฌู ุฃู ุชุฐูุฑููุง ุจุงูุฏุนุงุก ูุน ุฅูุทุงุฑ ููููู ุงูุฃูู
I got a messageูุฑุฌู ุฃู ุชุฐูุฑููุง ุจุงูุฏุนุงุก ูุน ุฅูุทุงุฑ ููููู ุงูุฃูู
I got a messageูุฃูุง ุงูุฃูุฑ ุงูุซุงูู ูุงูุซุงูุซ ูุฃุฎุจุฑูู ุจููุง ุบุฏุง ูุจุนุฏ ุบุฏ ุฅู ุดุงุก ุงููู ุชุนุงูู.
I got a messageูุฃูุง ุงูุฃูุฑ ุงูุซุงูู ูุงูุซุงูุซ ูุฃุฎุจุฑูู ุจููุง ุบุฏุง ูุจุนุฏ ุบุฏ ุฅู ุดุงุก ุงููู ุชุนุงูู.
I got a messageุงุชุนุฑููุง ูู ุชูุงุช ุณููู ููุจู ูู ุฑูุถุงู ููุชุฑู ููุณุชูุฏุน ููุจููุง ููู.. ุนุดุงู ููุถู ุงูุดูุฑ ููู ุจุณุ ูุน ุงู ูุณุจุฉ ุงูุชูุงูู ู ุงูุญูุงู ุถุฆูุฉุฌุฏุง ุจุณุจุจ ุงูุฃููุ ุจุณ ูู ุฃูููุง ุฃู ูุฑุถู ุงููู ุนูุง "(( ุชูุตุญูู ุจุญุงุฌุฉ ูุง ุดูุฎ
null
I got a messageุงุชุนุฑููุง ูู ุชูุงุช ุณููู ููุจู ูู ุฑูุถุงู ููุชุฑู ููุณุชูุฏุน ููุจููุง ููู.. ุนุดุงู ููุถู ุงูุดูุฑ ููู ุจุณุ ูุน ุงู ูุณุจุฉ ุงูุชูุงูู ู ุงูุญูุงู ุถุฆูุฉุฌุฏุง ุจุณุจุจ ุงูุฃููุ ุจุณ ูู ุฃูููุง ุฃู ูุฑุถู ุงููู ุนูุง "(( ุชูุตุญูู ุจุญุงุฌุฉ ูุง ุดูุฎ
I got a messageุงุชุนุฑููุง ูู ุชูุงุช ุณููู ููุจู ูู ุฑูุถุงู ููุชุฑู ููุณุชูุฏุน ููุจููุง ููู.. ุนุดุงู ููุถู ุงูุดูุฑ ููู ุจุณุ ูุน ุงู ูุณุจุฉ ุงูุชูุงูู ู ุงูุญูุงู ุถุฆูุฉุฌุฏุง ุจุณุจุจ ุงูุฃููุ ุจุณ ูู ุฃูููุง ุฃู ูุฑุถู ุงููู ุนูุง "(( ุชูุตุญูู ุจุญุงุฌุฉ ูุง ุดูุฎ
null
null
I got a messageุฅู ุฃุตุงุจ ููู ุฃุฌุฑุงูุ ูุฅู ุฃุฎุทุฃ ููู ุฃุฌุฑ.
I got a messageุฅู ุฃุตุงุจ ููู ุฃุฌุฑุงูุ ูุฅู ุฃุฎุทุฃ ููู ุฃุฌุฑ.
I got a messageุณูุญุช
I got a messageูุชุบุจุด
I got a messageุณุฆ
null
I got a messageุทููุฉ
I got a messageูขูก ุณูุฉ ูุชุฒูุฌุฉ ูููู ุทููุฉุุจุณ ูุงููุชุด ููุงููุฉ ุน ุงูุฌูุงุฒ ูู ุงูุจุฏุงูุฉุููููุช ููุดุฎุต ููุณู ุจุณ ุงุชุถุบุท ุนููุง ูู ุฃูููุูุญุงููุง ูุด ูุงุฏุฑุฉ ุฃูููุูู ูููุณ ูุนุงูุง ูุนุดุงู ูุฏู ูุด ุนุงุฑูู ุงุฎุฏ ุฎุทูุฉุูุจุฑุถู ูุด ุนุงุฑูู ุฃููู.. ุจุงููู ุชูุตุญูู๐ฅ
I got a messageูขูก ุณูุฉ ูุชุฒูุฌุฉ ูููู ุทููุฉุุจุณ ูุงููุชุด ููุงููุฉ ุน ุงูุฌูุงุฒ ูู ุงูุจุฏุงูุฉุููููุช ููุดุฎุต ููุณู ุจุณ ุงุชุถุบุท ุนููุง ูู ุฃูููุูุญุงููุง ูุด ูุงุฏุฑุฉ ุฃูููุูู ูููุณ ูุนุงูุง ูุนุดุงู ูุฏู ูุด ุนุงุฑูู ุงุฎุฏ ุฎุทูุฉุูุจุฑุถู ูุด ุนุงุฑูู ุฃููู.. ุจุงููู ุชูุตุญูู๐ฅ
I got a messageุทุฑู
I got a messageูููู ุทุฑู ูููู ูููู ุฒุงูุฏ .. ูุดุงูู ููุนูุถ ุงูุฃุญุณูุ ูุจูุฑุฌุน ููุฏู !
I got a messageูููู ุทุฑู ูููู ูููู ุฒุงูุฏ .. ูุดุงูู ููุนูุถ ุงูุฃุญุณูุ ูุจูุฑุฌุน ููุฏู !
I got a messageูุงููุง ูู ุดุฎุต ููุถูู ููุง
I got a messageุตุงูุญ
I got a messageููุง ูููู ุญุจูุง ูุฏูุนูุง ุงููุง ูููู ู ุนูุงูุฉ ุจุชูุชู ุฑูุญูุง ุ!
I got a messageููุง ูููู ุญุจูุง ูุฏูุนูุง ุงููุง ูููู ู ุนูุงูุฉ ุจุชูุชู ุฑูุญูุง ุ!
I got a messageููุง ูููู ุญุจูุง ูุฏูุนูุง ุงููุง ูููู ู ุนูุงูุฉ ุจุชูุชู ุฑูุญูุง ุ!
I got a messageููุง ูููู ุญุจูุง ูุฏูุนูุง ุงููุง ูููู ู ุนูุงูุฉ ุจุชูุชู ุฑูุญูุง ุ!
I got a messageุจุงุนุชุฐุฑ ุนู ูุญุงุถุฑุฉ ุงูุซูุงุซุงุก ูุธุฑูู ุตุญูุฉ
I got a messageุจุงุนุชุฐุฑ ุนู ูุญุงุถุฑุฉ ุงูุซูุงุซุงุก ูุธุฑูู ุตุญูุฉ
I got a messageุงุก ูุธุฑูู ุตุญูุฉูุงููุงูู ุงูุงุฑุจุนุงุก ุงู ุดุงุก ุงูู
I got a messageูุจุฏุฃ
I got a messageูุจุฏุฃ ูู ุฌุฏูุฏ ููุฑุงุฌุน ููุณูุง ูู ูู ุญุงุฌุฉ ุจูุนูููุง ุ ูุณุฃู ููุณูุง ุฅุญูุง ุจูุญุงุฑุจ ูู ุฃู ุฌุจูุฉ ูู ุญูุงุชูุง ูุจูุญุงุฑุจ ููู .... ูุณุฃู ููุณูุง ููููุฑูุง
I got a messageุงูุณูุงู ุนูููู ุงููุฌุงููุน ุงููู ูุชุนุฑุถ ุจูุฑุฉ ูุจุงูู ุงูุฏูุนู ุงูุงุณุจูุน ุงููุงุฏู
I got a messageุงูุณูุงู ุนูููู ุงููุฌุงููุน ุงููู ูุชุนุฑุถ ุจูุฑุฉ ูุจุงูู ุงูุฏูุนู ุงูุงุณุจูุน ุงููุงุฏู
I got a messageุฏู ูุงูุช ุฃูู ุชุงุณู ูุทููุจุฉุ ูุด ูุงูุฑุฉ ุฅุฐุง ูุงู ููู ุญุงุฌุฉ ุซุงููุฉ ููุง ูุฃุ ุจุณ ุบุงูุจูุง ูุงููุด..
I got a messageุฏู ูุงูุช ุฃูู ุชุงุณู ูุทููุจุฉุ ูุด ูุงูุฑุฉ ุฅุฐุง ูุงู ููู ุญุงุฌุฉ ุซุงููุฉ ููุง ูุฃุ ุจุณ ุบุงูุจูุง ูุงููุด..
I got a messageุฏู ูุงูุช ุฃูู ุชุงุณู ูุทููุจุฉุ ูุด ูุงูุฑุฉ ุฅุฐุง ูุงู ููู ุญุงุฌุฉ ุซุงููุฉ ููุง ูุฃุ ุจุณ ุบุงูุจูุง ูุงููุด..
I got a messageU: 1xsingle core hyper threaded Xeon Processors @2.3Ghz i.e(1 core, 2 threads)RAM: ~12.6 GB Available
null
I got a messagedata_dir, os.path.join(LIBRIVOX_DIR, "train-clean-100"), train_clean_100)     80         _maybe_extract(data_dir
null
I got a messagedata_dir, os.path.join(LIBRIVOX_DIR, "train-clean-100"), train_clean_100)     80         _maybe_extract(data_dir
null
I got a messagetrain_clean_100 = _maybe_download(filename_of(TRAIN_CLEAN_100_URL), data_dir, TRAIN_CLEAN_100_URL)
null
I got a messagetrain_clean_100 = _maybe_download(filename_of(TRAIN_CLEAN_100_URL), data_dir, TRAIN_CLEAN_100_URL)
I got a messagetrain_clean_100 = _maybe_download(filename_of(TRAIN_CLEAN_100_URL), data_dir, TRAIN_CLEAN_100_URL)
null
null
I got a messagedata_dir, os.path.join(LIBRIVOX_DIR, "train-clean-100"), train_clean_100)     80         _maybe_extract(data_dir
null
I got a messageุตุจุงุญ ุงูุฎูุฑ. ุงูุนููู ุงููุฏูู ูู ุณูููููุดูุ ูู ูุงุฒุงู ูุน ุงุญุฏููุ ุงูุญููู ุงู ุญุชู ุงูุชุงุณูุงุช ููุณูุงุ
I got a messageุตุจุงุญ ุงูุฎูุฑ. ุงูุนููู ุงููุฏูู ูู ุณูููููุดูุ ูู ูุงุฒุงู ูุน ุงุญุฏููุ ุงูุญููู ุงู ุญุชู ุงูุชุงุณูุงุช ููุณูุงุ
I got a messageููุงููุง
I got a messageููุงููุง
I got a messageุฃูุนุงุชูุจู ููู ูุญูู ูุฏูู ุนุชุงุจููู..
I got a messageุฃูุนุงุชูุจู ููู ูุญูู ูุฏูู ุนุชุงุจููู..
I got a messageุฐูุงุฆุจูู
I got a messageุฐูุงุฆุจูู
I got a messageุฐูุงุฆุจ
I got a messageุทุฑูู
I got a messageุฎูุถ
I got a messageุทุฑูู
I got a messageุฑุฏู ุงููุงุกู ูุง ุฌุงุกุชู ุจุตููู ุฐูุงุฆุจูู, ูุฏุนูู ุฅุฐุง ุฎูุถุชู ุจุทุฑูู ูุดุงุฑุจูู
I got a messageููุฑุฑ
I got a messageุงูุนููู
listenning on 5001
I got a messagebuild
null
I got a messagesudo apt-get install build-essential curl file git
null
I got a messageet -e
null
I got a messaget -n
null
I got a messaget -n
null
I got a messagebuild
null
I got a messagefile
null
I got a messageox-14.4
null
I got a messagesox-14.4.2
null
I got a messagedpk
null
I got a messagedatalab
null
I got a messagecontent
null
I got a messageLibriSpeech
null
I got a messageLibriSpeech
null
I got a message103-1240-0000.flac
null
I got a messageALSA lib pcm.c:2495:(snd_pcm_open_noupdate) Unknown PCM default
null
I got a messageALSA lib pcm.c:2495:(snd_pcm_open_noupdate) Unknown PCM default
I got a messageALSA lib pcm.c:2495:(snd_pcm_open_noupdate) Unknown PCM default
null
null
I got a messagelpc10
null
I got a messagesox-14.4.2
null
I got a messagemsvc9
null
I got a messagelibgsm
null
I got a messagemsvc10
null
I got a messagesox.pc
null
I got a messageKerasDeepSpeech
null
listenning on 5001
I got a messageููุฑูุถูููู
I got a messageููุฑูุถูููู
I got a messageุฃูููููู
I got a messageููุตูุจุง
I got a messageููุตูุจุง
I got a messageุงูุณูุงุญุฉู
I got a messageุงูุณูุงุญุฉู
I got a messageูุฏุนูุชู ููุฃุฑุถู ุงูุณูุงุญุฉู ูุงูุณูุงูู
I got a messageูุฏุนูุชู ููุฃุฑุถู ุงูุณูุงุญุฉู ูุงูุณูุงูู
I got a messageูุฏุนูุชู ููุฃุฑุถู ุงูุณูุงุญุฉู ูุงูุณูุงูู
I got a messageูุฏุฑู
I got a messageุฏุฑูุฏ
I got a messageุฏุฑูุฏ
I got a messageููุฑููุกุฉ
listenning on 5001
I got a messageูุญุงุถุฑุฉ ุฏ ุดูููู ุงุชูููุช ูู ูุนูู ุญุงุณุจ 1
I got a messageูุญุงุถุฑุฉ ุฏ ุดูููู ุงุชูููุช ูู ูุนูู ุญุงุณุจ 1
I got a messageูุญุงุถุฑุฉ ุฏ ุดูููู ุงุชูููุช ูู ูุนูู ุญุงุณุจ 1
I got a messageูุญุงุถุฑุฉ ุฏ ุดูููู ุงุชูููุช ูู ูุนูู ุญุงุณุจ 1
I got a messageุชุฑู
I got a messageapp.use(cors({
null
I got a messageapp.use(cors({
null
I got a message{ยยurl:ย'',ยยmethod:ย'GET',ยยdata:ย{ยยยยquery1:ย'value1'ยย}
null
listenning on 5001
listenning on 5001
listenning on 5001
listenning on 5001
listenning on 5001
I got a messageูุญุฑูู
I got a messageูุญุฑูู
I got a messageูุญุฑูู
I got a messageูุญุฑูู
I got a messageูุญุฑูู
I got a messageูุญุฑูู
I got a messageูุญุฑูู
I got a messageูุญุฑูู
I got a messageูุญุฑูู ุจุญุซ Google ูุชูููุฑ ุจุงููุบุฉ: English
I got a messageูุญุฑูู ุจุญุซ Google ูุชูููุฑ ุจุงููุบุฉ: English
I got a messageูุญุฑูู
I got a messageูุญุฑูู
I got a messageุจุญุซ
I got a messageุจุญุซ
I got a messageุจุญุซ
I got a messageet jobs
null
I got a messageindreed
null
I got a messageููู ุณูุดู ุงูุฃุณุจูุน ุฏุง ูู ููุณ ููุนุงุฏูุง ุงูุณุงุนุฉ 2
I got a messageููู ุณูุดู ุงูุฃุณุจูุน ุฏุง ูู ููุณ ููุนุงุฏูุง ุงูุณุงุนุฉ 2
I got a messageุนุจุงุณ ุนุงูุฒ ูุณุงู ุนู ููููุฉ ุญุฏูุซ ูุฐุง .... ููุง ููููุจ ูู ุฐูุจ ูุงูุช ุนุงุฑู
I got a messageุนุจุงุณ ุนุงูุฒ ูุณุงู ุนู ููููุฉ ุญุฏูุซ ูุฐุง .... ููุง ููููุจ ูู ุฐูุจ ูุงูุช ุนุงุฑู
I got a messageูุนูููู ุณุงูุญุช ูุฐุง ุงูุฒูุงู
I got a messageุงูุญุจูู
I got a messageูุฒุงุฏููู ุจูุนุฏู ุฏุงุฑู ุนููููู ุดุบูููุง
I got a messageูุฒุงุฏููู ุจูุนุฏู ุฏุงุฑู ุนููููู ุดุบูููุง
I got a messageุฏู ูููุน ูููุณ ูุชุนูู ุงู matlab ูููู ุงูุซูุฉ ูููุณุฉ ูุจุฅุฐู ุงููู ูุชูุงููู ุจูุบุทู ูู ุงูุญุงุฌุงุช ุงููู ุงุชุดุฑุญุช ูู ุงูุณูุดู
I got a messageุฏู ูููุน ูููุณ ูุชุนูู ุงู matlab ูููู ุงูุซูุฉ ูููุณุฉ ูุจุฅุฐู ุงููู ูุชูุงููู ุจูุบุทู ูู ุงูุญุงุฌุงุช ุงููู ุงุชุดุฑุญุช ูู ุงูุณูุดู
I got a messageุฏู ูููุน ูููุณ ูุชุนูู ุงู matlab ูููู ุงูุซูุฉ ูููุณุฉ ูุจุฅุฐู ุงููู ูุชูุงููู ุจูุบุทู ูู ุงูุญุงุฌุงุช ุงููู ุงุชุดุฑุญุช ูู ุงูุณูุดู
I got a messageุฏู ูููุน ูููุณ ูุชุนูู ุงู matlab ูููู ุงูุซูุฉ ูููุณุฉ ูุจุฅุฐู ุงููู ูุชูุงููู ุจูุบุทู ูู ุงูุญุงุฌุงุช ุงููู ุงุชุดุฑุญุช ูู ุงูุณูุดู
I got a messageุฏู ูููุน ูููุณ ูุชุนูู ุงู matlab ูููู ุงูุซูุฉ ูููุณุฉ ูุจุฅุฐู ุงููู ูุชูุงููู ุจูุบุทู ูู ุงูุญุงุฌุงุช ุงููู ุงุชุดุฑุญุช ูู ุงูุณูุดู
I got a messageุจูุบุทู
null
I got a messageุฏู ูููุน ูููุณ ูุชุนูู ุงู matlab ูููู ุงูุซูุฉ ูููุณุฉ ูุจุฅุฐู ุงููู ูุชูุงููู ุจูุบุทู ูู ุงูุญุงุฌุงุช ุงููู ุงุชุดุฑุญุช ูู ุงูุณูุดู
I got a messageุจูุบุทู
null
I got a messageููุง
I got a messageููุง
I got a messageุญุชู ูุชู ุฃูุง ููุฑูุจู ุจุฐูุฑููููู
I got a messageุญุชู ูุชู ุฃูุง ููุฑูุจู ุจุฐูุฑููููู
I got a messageุฅุตุฑููู ูุคุงุฏููู ูุง ุนุจูุงุณู ูููุตุฑูุงู
I got a messageุฅุตุฑููู ูุคุงุฏููู ูุง ุนุจูุงุณู ูููุตุฑูุงู
I got a messageููู ุฃุฑู ูู ุนููุจ ุงููุงุณ ุนูุจูุง .. ูููุตู ุงููุงุฏุฑููู ุนูู ุงูุชููุงูู
I got a messageููู ุฃุฑู ูู ุนููุจ ุงููุงุณ ุนูุจูุง .. ูููุตู ุงููุงุฏุฑููู ุนูู ุงูุชููุงูู
I got a messageููู ุฃุฑู ูู ุนููุจ ุงููุงุณ ุนูุจูุง .. ูููุตู ุงููุงุฏุฑููู ุนูู ุงูุชููุงูู
I got a messageุฃุณููู
I got a messageุฃุณููู
I got a messageุตุจุงุจุฉู
I got a messageููุน
I got a messageุณูุดู ุงูููุฑูุงู ุฑุงูุชูุฌ ูุงู ุฒู ูุงุชุณููู ูุงูุช ูู ูุด ุจุณ ููุจู ุงุฑ ูู ูููุง ุจูุฌุชุงุฌูุง ู ุญูุงุชูุง ูู ูุงุฑูุฑูุง ุจุตูุฉ ุนุงูุฉ ู
I got a messageุณูุดู ุงูููุฑูุงู ุฑุงูุชูุฌ ูุงู ุฒู ูุงุชุณููู ูุงูุช ูู ูุด ุจุณ ููุจู ุงุฑ ูู ูููุง ุจูุฌุชุงุฌูุง ู ุญูุงุชูุง ูู ูุงุฑูุฑูุง ุจุตูุฉ ุนุงูุฉ ู
I got a messageุณูุดู ุงูููุฑูุงู ุฑุงูุชูุฌ ูุงู ุฒู ูุงุชุณููู ูุงูุช ูู ูุด ุจุณ ููุจู ุงุฑ ูู ูููุง ุจูุฌุชุงุฌูุง ู ุญูุงุชูุง ูู ูุงุฑูุฑูุง ุจุตูุฉ ุนุงูุฉ ู
I got a messageุณูุดู ุงูููุฑูุงู ุฑุงูุชูุฌ ูุงู ุฒู ูุงุชุณููู ูุงูุช ูู ูุด ุจุณ ููุจู ุงุฑ ูู ูููุง ุจูุฌุชุงุฌูุง ู ุญูุงุชูุง ูู ูุงุฑูุฑูุง ุจุตูุฉ ุนุงูุฉ ู
I got a messageox-dev-clean.c
null
I got a messagev foo.txt b
null
I got a messagedev-clean.tar.gz
null
I got a messagelibrivox-dev-clean.csv
null
I got a messagelibrivox-dev-other.csv
null
I got a messagelibrivox-test-ot
null
I got a messagelibrivox-train-clean-360.csv
null
I got a messagelibrivox-train-other-500.csv
null
I got a messagedf_all_libri_timit.csv
null
I got a messagedf_all_libri_timit_word_list.csv
null
I got a messageimport_librispeech
null
I got a messageimport_librispeech
null
listenning on 5001
I got a messagepython.exe --> python26.exe
null
I got a message- ูุชู ุนูู ูุดุฑูุน ููู ุทุงูุจ ุนูู ุญุฏู ุฃู ุทุงูุจูู ุฅุฐุง ูุงู ุงููุดุฑูุน ูุจูุฑ ูุซูุงุซุฉ ุทูุงุจ ุฅุฐุง ูุงู ุงููุดุฑูุน ูุจูุฑ ุฌุฏุง ููุง ูุณูุญ ุจุฃูุซุฑ ูู ุซูุงุซุฉ ุทูุงุจ ูู ูุดุฑูุน ูุงุญุฏ.
I got a message- ูุชู ุนูู ูุดุฑูุน ููู ุทุงูุจ ุนูู ุญุฏู ุฃู ุทุงูุจูู ุฅุฐุง ูุงู ุงููุดุฑูุน ูุจูุฑ ูุซูุงุซุฉ ุทูุงุจ ุฅุฐุง ูุงู ุงููุดุฑูุน ูุจูุฑ ุฌุฏุง ููุง ูุณูุญ ุจุฃูุซุฑ ูู ุซูุงุซุฉ ุทูุงุจ ูู ูุดุฑูุน ูุงุญุฏ.
I got a message- ูุชู ุนูู ูุดุฑูุน ููู ุทุงูุจ ุนูู ุญุฏู ุฃู ุทุงูุจูู ุฅุฐุง ูุงู ุงููุดุฑูุน ูุจูุฑ ูุซูุงุซุฉ ุทูุงุจ ุฅุฐุง ูุงู ุงููุดุฑูุน ูุจูุฑ ุฌุฏุง ููุง ูุณูุญ ุจุฃูุซุฑ ูู ุซูุงุซุฉ ุทูุงุจ ูู ูุดุฑูุน ูุงุญุฏ.
I got a message- ูุชู ุนูู ูุดุฑูุน ููู ุทุงูุจ ุนูู ุญุฏู ุฃู ุทุงูุจูู ุฅุฐุง ูุงู ุงููุดุฑูุน ูุจูุฑ ูุซูุงุซุฉ ุทูุงุจ ุฅุฐุง ูุงู ุงููุดุฑูุน ูุจูุฑ ุฌุฏุง ููุง ูุณูุญ ุจุฃูุซุฑ ูู ุซูุงุซุฉ ุทูุงุจ ูู ูุดุฑูุน ูุงุญุฏ.
I got a messageูุฐุง ูู ุดูู ุงูุนุฑุด ุงูุญุฏูุฏู ููุง ูุตูู ุฌูุฑุฌ ุฑ.ุฑ ูุงุฑุชู
I got a messageูุฐุง ูู ุดูู ุงูุนุฑุด ุงูุญุฏูุฏู ููุง ูุตูู ุฌูุฑุฌ ุฑ.ุฑ ูุงุฑุชู
I got a messageูู
I got a messageูู
I got a messageููุงููุด
null
I got a messageููุงููุด ููุงุณุจูู ููุฅูููุช ููููุด ุบูุฑ ูุณุฑุญ
I got a messageููุงููุด
null
I got a messageูุถุน
I got a messageูุถุน
I got a messageุนูู
I got a messageุนูู
I got a messageููู ุชูู ุงูุญุถุงุฑุฉ ุฃุนุฌุจุชู ูุฃู ุฑุฌุงู ุจุงุฏูุฉ ุชุฑุงูุง
I got a messageููู ุชูู ุงูุญุถุงุฑุฉ ุฃุนุฌุจุชู ูุฃู ุฑุฌุงู ุจุงุฏูุฉ ุชุฑุงูุง
I got a messageููู ุชูู ุงูุญุถุงุฑุฉ ุฃุนุฌุจุชู ูุฃู ุฑุฌุงู ุจุงุฏูุฉ ุชุฑุงูุง
I got a messageูู ูุงู ูุฑูุฏ ุซูุงุจ ุงูุฏููุง ูุนูุฏ ุงููู ุซูุงุจ ุงูุฏููุง ูุงูุขุฎุฑุฉ
I got a messageูููู ููุงูู ููุฑููุฏู ุซูููุงุจู ุงูุฏููููููุง ููุนููุฏู ุงูููููู ุซูููุงุจู ุงูุฏููููููุง ููุงููุขุฎูุฑูุฉู
I got a messageุงููููุงุจูู
I got a messageูู ุชูู ุงูุญุถุงุฑุฉ ุฃูุนูุฌูุจุชู ... ููุฃูู ุฑุฌุงู ุจุงุฏูุฉ ุชูุฑูุงูู
I got a messageุฅูุฐุง ุฑูุถูู ุบููุฑููุง ูู
I got a messageูู ุชูู ุงูุญุถุงุฑุฉ ุฃูุนูุฌูุจุชู ... ููุฃูู ุฑุฌุงู ุจุงุฏูุฉ ุชูุฑูุงููุง)(ูููู ุฑุจุท ุงูุฌุญุงุด ููุฅูู ูููููุง ... ููููุง ุณูุจุง ูุฃูุฑุงุณุง ุญุณุงูุง
I got a messageุนูู
I got a messageุนูู
I got a messageุฌูุงุจ
I got a messageุฌูุงุจ
I got a messageุงูุถุจุงุจ
I got a messageุงูุถุจุงุจ ูุดูุชููู ุนูู ุถุจุฉ ูุถุจูุจ
I got a messageูุงูุญููู
I got a messageูููููููู
I got a messageูููููููู
I got a messageููููุงู
I got a messageูููููู
I got a messageAbu Bakr Soliman, Kareem Eisa, and Samhaa R. El-Beltagy, โAraVec: A set of Arabic Word Embedding Models for use in Arabic NLPโ, in proceedings of the 3rd International Conference on Arabic Computational Linguistics (ACLing 2017), Dubai, UAE, 2017.
null
I got a messageDocs N
null
I got a messageูุชูุฒูู
I got a messageุฌูุฌุง
I got a messageูู
null
I got a messageูู
I got a messageููู (ุฃูุฒู)
I got a messageููู (ุฃูุฒู)
I got a messagedemo.sh
null
I got a message$ cd GloVe-Arabic && make
null
I got a messagecd GloVe-Arabic && make
null
I got a messageh
I got a message$ cd GloVe-Arabic && make
I got a messagedemo.sh
I got a message$ cd GloVe-Arabic && make
null
null
null
I got a messageggID
null
{ Error: read ECONNRESET
    at TLSWrap.onStreamRead (internal/stream_base_commons.js:111:27) errno: 'ECONNRESET', code: 'ECONNRESET', syscall: 'read' }
I got a messageุฎูุฑูุฉ ูุฏููุง ูุดุฑ ุชุฑุงุซ
I got a messageุจูุตูู
null
I got a messageุดููู ุงูcontrol "ุงุญุชูุงู" ูููู ุขุฎุฑ ุงูุฃุณุจูุน ุงูุฌุงู ุฃู ุฃูู ุงูุฃุณุจูุน ุงููู ุจุนุฏู ุฅู ุดุงุก ุงูููุ ูุงูุชุงุณู ูุงู ุงูููุฑูุถ ุชุชุณููู ูููุฉ ุงูุดููู ู ูุงุฑูุช ูุญุงูู ูุจุฏุฃ ูููุง ูู ุฏูููุชู ุนุดุงู ูู ุงูุงูุชุญุงู ูุนููุง ูุงู ุงูุฃุณุจูุน ุงูุฌุงู.
I got a messageุดููู ุงูcontrol "ุงุญุชูุงู" ูููู ุขุฎุฑ ุงูุฃุณุจูุน ุงูุฌุงู ุฃู ุฃูู ุงูุฃุณุจูุน ุงููู ุจุนุฏู ุฅู ุดุงุก ุงูููุ ูุงูุชุงุณู ูุงู ุงูููุฑูุถ ุชุชุณููู ูููุฉ ุงูุดููู ู ูุงุฑูุช ูุญุงูู ูุจุฏุฃ ูููุง ูู ุฏูููุชู ุนุดุงู ูู ุงูุงูุชุญุงู ูุนููุง ูุงู ุงูุฃุณุจูุน ุงูุฌุงู.
I got a messageุดููู ุงูcontrol "ุงุญุชูุงู" ูููู ุขุฎุฑ ุงูุฃุณุจูุน ุงูุฌุงู ุฃู ุฃูู ุงูุฃุณุจูุน ุงููู ุจุนุฏู ุฅู ุดุงุก ุงูููุ ูุงูุชุงุณู ูุงู ุงูููุฑูุถ ุชุชุณููู ูููุฉ ุงูุดููู ู ูุงุฑูุช ูุญุงูู ูุจุฏุฃ ูููุง ูู ุฏูููุชู ุนุดุงู ูู ุงูุงูุชุญุงู ูุนููุง ูุงู ุงูุฃุณุจูุน ุงูุฌุงู.
listenning on 5001
I got a messageุงููููุฒ
null
I got a messageุงููููุฒ
null
I got a messageุงููููุฒ
I got a messageุงููููุฒ
null
null
I got a messageneural network ุงุญูุง ูุทุจููุงุด
I got a messageูุนูู ูุนุงุฏ ูุงุถู ููููุด ููู ูุง ููุงูุดุงุช ููุง ุณูุงุดู
I got a messageูุนูู ูุนุงุฏ ูุงุถู ููููุด ููู ูุง ููุงูุดุงุช ููุง ุณูุงุดู
I got a messageูุนูู ูุนุงุฏ ูุงุถู ููููุด ููู ูุง ููุงูุดุงุช ููุง ุณูุงุดู
I got a messageูููุช ุงูุจุดูููุฏุณ ุณุนุฏู ุจุฎุตูุต ุงููููุฒ ูุงูู ุงููุงุณ ุงููู ุนูุฏูุง ุชุฎููุงุช ููุชุฃุฌู ูููุง ุงููููุฒ ูููู ุงูุงุฑุจุน ุจุณ ูู ูุดุบูู ูู ุงููุชุฑู 10:30 ู 1:30 ู ุนุงูุฒูู ูุชูู ุนูู ูุนุงุฏ ูุจู ุงู ุจุนุฏ ุงููุชุฑู ุฏู
I got a messageูููุช ุงูุจุดูููุฏุณ ุณุนุฏู ุจุฎุตูุต ุงููููุฒ ูุงูู ุงููุงุณ ุงููู ุนูุฏูุง ุชุฎููุงุช ููุชุฃุฌู ูููุง ุงููููุฒ ูููู ุงูุงุฑุจุน ุจุณ ูู ูุดุบูู ูู ุงููุชุฑู 10:30 ู 1:30 ู ุนุงูุฒูู ูุชูู ุนูู ูุนุงุฏ ูุจู ุงู ุจุนุฏ ุงููุชุฑู ุฏู
I got a messageูููุช ุงูุจุดูููุฏุณ ุณุนุฏู ุจุฎุตูุต ุงููููุฒ ูุงูู ุงููุงุณ ุงููู ุนูุฏูุง ุชุฎููุงุช ููุชุฃุฌู ูููุง ุงููููุฒ ูููู ุงูุงุฑุจุน ุจุณ ูู ูุดุบูู ูู ุงููุชุฑู 10:30 ู 1:30 ู ุนุงูุฒูู ูุชูู ุนูู ูุนุงุฏ ูุจู ุงู ุจุนุฏ ุงููุชุฑู ุฏู
I got a messageูุง ุฌูุงุนุฉ ุงููู ููู ููุงู ูุน ู ุณุนุฏุฉ ููููู ุุ ููุง ุงูุชู ุจุงููุณุจุงููู ุชูุงู ูุจูู ุงูุชุญุงู ุน ุงููููุฌ ุุ ูู ูุด ุชูุงู ูุจูู ูุง ุฑูุช ุงููุงุณ ุชุชููู ู ุชุนุชุฑุถ ู ููููุชุงุช ุน ุงูุจูุณุช ุจุชุงุนู ุุ ูุชุณุชููุด ุชุชุญู ููุญุฏูุง ุนูุดุงู ูุด ูุชุชุญู ููุญุฏูุง ๐
I got a messageูุง ุฌูุงุนุฉ ุงููู ููู ููุงู ูุน ู ุณุนุฏุฉ ููููู ุุ ููุง ุงูุชู ุจุงููุณุจุงููู ุชูุงู ูุจูู ุงูุชุญุงู ุน ุงููููุฌ ุุ ูู ูุด ุชูุงู ูุจูู ูุง ุฑูุช ุงููุงุณ ุชุชููู ู ุชุนุชุฑุถ ู ููููุชุงุช ุน ุงูุจูุณุช ุจุชุงุนู ุุ ูุชุณุชููุด ุชุชุญู ููุญุฏูุง ุนูุดุงู ูุด ูุชุชุญู ููุญุฏูุง ๐
I got a messageูุง ุฌูุงุนุฉ ุงููู ููู ููุงู ูุน ู ุณุนุฏุฉ ููููู ุุ ููุง ุงูุชู ุจุงููุณุจุงููู ุชูุงู ูุจูู ุงูุชุญุงู ุน ุงููููุฌ ุุ ูู ูุด ุชูุงู ูุจูู ูุง ุฑูุช ุงููุงุณ ุชุชููู ู ุชุนุชุฑุถ ู ููููุชุงุช ุน ุงูุจูุณุช ุจุชุงุนู ุุ ูุชุณุชููุด ุชุชุญู ููุญุฏูุง ุนูุดุงู ูุด ูุชุชุญู ููุญุฏูุง ๐
I got a messageุดููู ุงูcontrol "ุงุญุชูุงู" ูููู ุขุฎุฑ ุงูุฃุณุจูุน ุงูุฌุงู ุฃู ุฃูู ุงูุฃุณุจูุน ุงููู ุจุนุฏู ุฅู ุดุงุก ุงูููุ ูุงูุชุงุณู ูุงู ุงูููุฑูุถ ุชุชุณููู ูููุฉ ุงูุดููู ู ูุงุฑูุช ูุญุงูู ูุจุฏุฃ ูููุง ูู ุฏูููุชู ุนุดุงู ูู ุงูุงูุชุญุงู ูุนููุง ูุงู ุงูุฃุณุจูุน ุงูุฌุงู.
I got a messageุดููู ุงูcontrol "ุงุญุชูุงู" ูููู ุขุฎุฑ ุงูุฃุณุจูุน ุงูุฌุงู ุฃู ุฃูู ุงูุฃุณุจูุน ุงููู ุจุนุฏู ุฅู ุดุงุก ุงูููุ ูุงูุชุงุณู ูุงู ุงูููุฑูุถ ุชุชุณููู ูููุฉ ุงูุดููู ู ูุงุฑูุช ูุญุงูู ูุจุฏุฃ ูููุง ูู ุฏูููุชู ุนุดุงู ูู ุงูุงูุชุญุงู ูุนููุง ูุงู ุงูุฃุณุจูุน ุงูุฌุงู.
I got a messageุงูุงุณุจูุน ุงููุงุฏู ููู ุงูุซูุงุซุงุก ูู ููุนุฏ ุงููุญุงุถุฑุฉ ุงูุชุญุงู ุงูููุฏ ุชุฑู ููู ูู ูุญุถุฑ ุงูุงูุชุญุงู. ุงูุงูุชุญุงู ุนูู ููุณ ุงููุญุชูู ููุง ุจุงูุชุญุงู ุงูููุฏ ุชุฑู ุงูุณุงุจู
I got a messageุงูุงุณุจูุน ุงููุงุฏู ููู ุงูุซูุงุซุงุก ูู ููุนุฏ ุงููุญุงุถุฑุฉ ุงูุชุญุงู ุงูููุฏ ุชุฑู ููู ูู ูุญุถุฑ ุงูุงูุชุญุงู. ุงูุงูุชุญุงู ุนูู ููุณ ุงููุญุชูู ููุง ุจุงูุชุญุงู ุงูููุฏ ุชุฑู ุงูุณุงุจู
I got a messageุงูุฑุฏ ุจุฅุณู ุงูุชูู
I got a messageุงูุฑุฏ ุจุฅุณู ุงูุชูู
I got a messagetrain
null
I got a messageููููุง ู lea
null
I got a messageุทุจ ูุง ูุฎูููุง ุน ุงูpetri net ุจุณ ูุจุดูููุฏุณ..ูุงุญูุง ู ุฑูุถุงู ูููู ุจุซูุงุจู
I got a messageุทุจ ูุง ูุฎูููุง ุน ุงูpetri net ุจุณ ูุจุดูููุฏุณ..ูุงุญูุง ู ุฑูุถุงู ูููู ุจุซูุงุจู
I got a messageุทุจ ูุง ูุฎูููุง ุน ุงูpetri net ุจุณ ูุจุดูููุฏุณ..ูุงุญูุง ู ุฑูุถุงู ูููู ุจุซูุงุจู
I got a messageููุฏุช
I got a messageููุฏุช
I got a messageูุนู ูููุช ุบุงุถุจุงู ูู ูู ูุฐู ุงูุดุฎุตูุงุช ูุฃููุง ููุชุจุช ุจุดูู ุฑุงุฆุน ูููุทูู ุ ุญุชู ูู ููุช ุบุงุถุจุงู ูููุง ุจุณุจุจ ูุชู ุดุฎุตูุฉ ุฃุญุจุจุชูุง ูุชุตุฑูุงุชูุง ูุงูุช ููุทููุฉ ููู ุงูุชู ุฌุนูุชูู ุฃุบุถุจ ููููู ูุงุตูุช ูู ูุดุงูุฏุฉ ุงููุณูุณู ..
I got a messageูุนู ูููุช ุบุงุถุจุงู ูู ูู ูุฐู ุงูุดุฎุตูุงุช ูุฃููุง ููุชุจุช ุจุดูู ุฑุงุฆุน ูููุทูู ุ ุญุชู ูู ููุช ุบุงุถุจุงู ูููุง ุจุณุจุจ ูุชู ุดุฎุตูุฉ ุฃุญุจุจุชูุง ูุชุตุฑูุงุชูุง ูุงูุช ููุทููุฉ ููู ุงูุชู ุฌุนูุชูู ุฃุบุถุจ ููููู ูุงุตูุช ูู ูุดุงูุฏุฉ ุงููุณูุณู ..
I got a messageูุนู ูููุช ุบุงุถุจุงู ูู ูู ูุฐู ุงูุดุฎุตูุงุช ูุฃููุง ููุชุจุช ุจุดูู ุฑุงุฆุน ูููุทูู ุ ุญุชู ูู ููุช ุบุงุถุจุงู ูููุง ุจุณุจุจ ูุชู ุดุฎุตูุฉ ุฃุญุจุจุชูุง ูุชุตุฑูุงุชูุง ูุงูุช ููุทููุฉ ููู ุงูุชู ุฌุนูุชูู ุฃุบุถุจ ููููู ูุงุตูุช ูู ูุดุงูุฏุฉ ุงููุณูุณู ..
I got a messageูุญุฑูู
I got a messageูุญุฑูู
I got a messageูุญุฑูู
I got a messageูุญุฑูู
I got a messageูุญุฑูู
I got a messageุจุญุซ
I got a messageูุญุฑูู
I got a messageูุญุฑูู
{ Error: read ECONNRESET
    at TLSWrap.onStreamRead (internal/stream_base_commons.js:111:27) errno: 'ECONNRESET', code: 'ECONNRESET', syscall: 'read' }
{ Error: read ECONNRESET
    at TLSWrap.onStreamRead (internal/stream_base_commons.js:111:27) errno: 'ECONNRESET', code: 'ECONNRESET', syscall: 'read' }
I got a messageูุญุฑูู
I got a messageูุญุฑูู
I got a messageุจุญุซ
I got a messageูุญุฑูู
I got a messageูุญุฑูู
{ Error: read ECONNRESET
    at TLSWrap.onStreamRead (internal/stream_base_commons.js:111:27) errno: 'ECONNRESET', code: 'ECONNRESET', syscall: 'read' }
I got a messageูุญุฑูู
I got a messageุจุญุซ
I got a messageู
null
I got a messageุจุญุซ
I got a messageูุญุฑูู
I got a messageูุญุฑูู
I got a messageูุญุฑูู
{ Error: read ECONNRESET
    at TLSWrap.onStreamRead (internal/stream_base_commons.js:111:27) errno: 'ECONNRESET', code: 'ECONNRESET', syscall: 'read' }
I got a messageูุญุฑูู
{ Error: connect ETIMEDOUT 104.25.217.36:443
    at TCPConnectWrap.afterConnect [as oncomplete] (net.js:1113:14)
  errno: 'ETIMEDOUT',
  code: 'ETIMEDOUT',
  syscall: 'connect',
  address: '104.25.217.36',
  port: 443 }
{ Error: read ECONNRESET
    at TLSWrap.onStreamRead (internal/stream_base_commons.js:111:27) errno: 'ECONNRESET', code: 'ECONNRESET', syscall: 'read' }
I got a messageูุญุฑูู
I got a messageูุญุฑูู
I got a messageุจุญุซ
I got a messageูุญุฑูู
I got a messageูุญุฑูู
I got a messageุจุญุซ
I got a messageูุญุฑูู
I got a messageุจุญุซ
I got a messageูุญุฑูู
I got a messageูุญุฑูู
I got a messageูุญุฑูู
I got a messageูุญุฑูู
I got a messageูุญุฑูู
I got a messageุจุญุซ
I got a messageูุญุฑูู
I got a messageูุญุฑูู
I got a messageูุญุฑูู
I got a messageูุญุฑูู
I got a messageูุญุฑูู
I got a messageูุญุฑูู
I got a messageูุญุฑูู
I got a messageูุญุฑูู
I got a messageูุญุฑูู
I got a messageูุญุฑูู
I got a messageูุญุฑูู
I got a messageูุญุฑูู
I got a messageูุญุฑูู
I got a messageูุญุฑูู
I got a messageGoogle
null
I got a messageูุญุฑูู
I got a messageูุญุฑูู
I got a messageูุญุฑูู
I got a messageูุญุฑูู
I got a messageูุญุฑูู
I got a messageูุญุฑูู
I got a messageูุญุฑูู
I got a messageูุญุฑูู
I got a messageูุญุฑูู
I got a messageูุญุฑูู
I got a messageูุญุฑูู
I got a messageูุญุฑูู
I got a messageูุญุฑูู
I got a messageูุญุฑูู
I got a messageูุญุฑูู
I got a messageูุญุฑูู
I got a messageุนุฑุจู
I got a messagefavicon.ico
null
I got a messageูุญุฑูู
I got a messageูุญุฑูู
I got a messageูุญุฑูู
I got a messageูุญุฑูู
I got a messageูุญุฑูู
I got a messageุนุฑุจู
I got a messageุนุฑุจู
I got a messageูุญุฑูู
